<?xml version="1.0" encoding="UTF-8"?>
<!-- Generated by org.testng.reporters.JUnitReportReporter -->
<testsuite skipped="0" hostname="SEW-APAC-619" name="runner.TestRunner" tests="5" failures="0" timestamp="10 Aug 2021 13:07:34 GMT" time="190.766" errors="0">
  <testcase name="feature" time="8.618" classname="runner.TestRunner"/>
  <testcase name="feature" time="16.782" classname="runner.TestRunner"/>
  <testcase name="feature" time="123.071" classname="runner.TestRunner"/>
  <testcase name="feature" time="36.032" classname="runner.TestRunner"/>
  <testcase name="feature" time="6.263" classname="runner.TestRunner"/>
</testsuite> <!-- runner.TestRunner -->
